2024-06-09T18:02:24+00:00 DEBUG Tt4b_Pixel_Class::inject_view_content_event: hit ViewContent
2024-06-09T18:02:24+00:00 DEBUG Tt4b_Pixel_Class::inject_view_content_event: Missing option "access_token"
2024-06-09T18:02:36+00:00 DEBUG Tt4b_Pixel_Class::inject_add_to_cart_event: hit AddToCart
2024-06-09T18:02:36+00:00 DEBUG Tt4b_Pixel_Class::inject_add_to_cart_event: Missing option "access_token"
2024-06-09T18:02:36+00:00 DEBUG Tt4b_Pixel_Class::inject_view_content_event: hit ViewContent
2024-06-09T18:02:36+00:00 DEBUG Tt4b_Pixel_Class::inject_view_content_event: Missing option "access_token"
2024-06-09T18:03:17+00:00 DEBUG Tt4b_Pixel_Class::inject_initiate_checkout_event: hit InitiateCheckout
2024-06-09T18:03:17+00:00 DEBUG Tt4b_Pixel_Class::inject_initiate_checkout_event: Missing option "access_token"
2024-06-09T18:05:21+00:00 DEBUG Tt4b_Pixel_Class::inject_initiate_checkout_event: hit InitiateCheckout
2024-06-09T18:05:21+00:00 DEBUG Tt4b_Pixel_Class::inject_initiate_checkout_event: Missing option "access_token"
2024-06-09T18:06:09+00:00 DEBUG Tt4b_Pixel_Class::inject_initiate_checkout_event: hit InitiateCheckout
2024-06-09T18:06:09+00:00 DEBUG Tt4b_Pixel_Class::inject_initiate_checkout_event: Missing option "access_token"
2024-06-09T18:06:45+00:00 DEBUG Tt4b_Pixel_Class::inject_view_content_event: hit ViewContent
2024-06-09T18:06:45+00:00 DEBUG Tt4b_Pixel_Class::inject_view_content_event: Missing option "access_token"
2024-06-09T18:06:59+00:00 DEBUG Tt4b_Pixel_Class::inject_view_content_event: hit ViewContent
2024-06-09T18:06:59+00:00 DEBUG Tt4b_Pixel_Class::inject_view_content_event: Missing option "access_token"
2024-06-09T18:08:35+00:00 DEBUG Tt4b_Pixel_Class::inject_view_content_event: hit ViewContent
2024-06-09T18:08:35+00:00 DEBUG Tt4b_Pixel_Class::inject_view_content_event: Missing option "access_token"
2024-06-09T18:09:44+00:00 DEBUG Tt4b_Pixel_Class::inject_view_content_event: hit ViewContent
2024-06-09T18:09:44+00:00 DEBUG Tt4b_Pixel_Class::inject_view_content_event: Missing option "access_token"
2024-06-09T18:10:40+00:00 DEBUG Tt4b_Pixel_Class::inject_view_content_event: hit ViewContent
2024-06-09T18:10:40+00:00 DEBUG Tt4b_Pixel_Class::inject_view_content_event: Missing option "access_token"
2024-06-09T18:10:53+00:00 DEBUG Tt4b_Pixel_Class::inject_view_content_event: hit ViewContent
2024-06-09T18:10:53+00:00 DEBUG Tt4b_Pixel_Class::inject_view_content_event: Missing option "access_token"
2024-06-09T18:10:56+00:00 DEBUG Tt4b_Pixel_Class::inject_view_content_event: hit ViewContent
2024-06-09T18:10:56+00:00 DEBUG Tt4b_Pixel_Class::inject_view_content_event: Missing option "access_token"
2024-06-09T18:11:34+00:00 DEBUG Tt4b_Pixel_Class::inject_view_content_event: hit ViewContent
2024-06-09T18:11:34+00:00 DEBUG Tt4b_Pixel_Class::inject_view_content_event: Missing option "access_token"
2024-06-09T18:11:42+00:00 DEBUG Tt4b_Pixel_Class::inject_view_content_event: hit ViewContent
2024-06-09T18:11:42+00:00 DEBUG Tt4b_Pixel_Class::inject_view_content_event: Missing option "access_token"
2024-06-09T18:12:52+00:00 DEBUG Tt4b_Pixel_Class::inject_view_content_event: hit ViewContent
2024-06-09T18:12:52+00:00 DEBUG Tt4b_Pixel_Class::inject_view_content_event: Missing option "access_token"
2024-06-09T18:13:37+00:00 DEBUG Tt4b_Pixel_Class::inject_view_content_event: hit ViewContent
2024-06-09T18:13:37+00:00 DEBUG Tt4b_Pixel_Class::inject_view_content_event: Missing option "access_token"
2024-06-09T18:13:58+00:00 DEBUG Tt4b_Pixel_Class::inject_view_content_event: hit ViewContent
2024-06-09T18:13:58+00:00 DEBUG Tt4b_Pixel_Class::inject_view_content_event: Missing option "access_token"
2024-06-09T18:14:26+00:00 DEBUG Tt4b_Pixel_Class::inject_add_to_cart_event: hit AddToCart
2024-06-09T18:14:26+00:00 DEBUG Tt4b_Pixel_Class::inject_add_to_cart_event: Missing option "access_token"
2024-06-09T18:14:26+00:00 DEBUG Tt4b_Pixel_Class::inject_view_content_event: hit ViewContent
2024-06-09T18:14:26+00:00 DEBUG Tt4b_Pixel_Class::inject_view_content_event: Missing option "access_token"
2024-06-09T18:16:44+00:00 DEBUG Tt4b_Pixel_Class::inject_add_to_cart_event: hit AddToCart
2024-06-09T18:16:44+00:00 DEBUG Tt4b_Pixel_Class::inject_add_to_cart_event: Missing option "access_token"
2024-06-09T18:16:44+00:00 DEBUG Tt4b_Pixel_Class::inject_view_content_event: hit ViewContent
2024-06-09T18:16:44+00:00 DEBUG Tt4b_Pixel_Class::inject_view_content_event: Missing option "access_token"
2024-06-09T18:17:31+00:00 DEBUG Tt4b_Pixel_Class::inject_view_content_event: hit ViewContent
2024-06-09T18:17:31+00:00 DEBUG Tt4b_Pixel_Class::inject_view_content_event: Missing option "access_token"
2024-06-09T18:18:52+00:00 DEBUG Tt4b_Pixel_Class::inject_view_content_event: hit ViewContent
2024-06-09T18:18:52+00:00 DEBUG Tt4b_Pixel_Class::inject_view_content_event: Missing option "access_token"
2024-06-09T18:31:14+00:00 DEBUG Tt4b_Pixel_Class::inject_view_content_event: hit ViewContent
2024-06-09T18:31:14+00:00 DEBUG Tt4b_Pixel_Class::inject_view_content_event: Missing option "access_token"
2024-06-09T18:40:57+00:00 DEBUG Tt4b_Pixel_Class::inject_view_content_event: hit ViewContent
2024-06-09T18:40:57+00:00 DEBUG Tt4b_Pixel_Class::inject_view_content_event: Missing option "access_token"
2024-06-09T18:41:39+00:00 DEBUG Tt4b_Pixel_Class::inject_view_content_event: hit ViewContent
2024-06-09T18:41:39+00:00 DEBUG Tt4b_Pixel_Class::inject_view_content_event: Missing option "access_token"
2024-06-09T18:41:43+00:00 DEBUG Tt4b_Pixel_Class::inject_add_to_cart_event: hit AddToCart
2024-06-09T18:41:43+00:00 DEBUG Tt4b_Pixel_Class::inject_add_to_cart_event: Missing option "access_token"
2024-06-09T18:41:43+00:00 DEBUG Tt4b_Pixel_Class::inject_view_content_event: hit ViewContent
2024-06-09T18:41:43+00:00 DEBUG Tt4b_Pixel_Class::inject_view_content_event: Missing option "access_token"
2024-06-09T18:41:55+00:00 DEBUG Tt4b_Pixel_Class::inject_view_content_event: hit ViewContent
2024-06-09T18:41:55+00:00 DEBUG Tt4b_Pixel_Class::inject_view_content_event: Missing option "access_token"
2024-06-09T18:42:24+00:00 DEBUG Tt4b_Pixel_Class::inject_view_content_event: hit ViewContent
2024-06-09T18:42:24+00:00 DEBUG Tt4b_Pixel_Class::inject_view_content_event: Missing option "access_token"
2024-06-09T18:43:23+00:00 DEBUG Tt4b_Pixel_Class::inject_view_content_event: hit ViewContent
2024-06-09T18:43:23+00:00 DEBUG Tt4b_Pixel_Class::inject_view_content_event: Missing option "access_token"
2024-06-09T18:48:59+00:00 DEBUG Tt4b_Pixel_Class::inject_view_content_event: hit ViewContent
2024-06-09T18:48:59+00:00 DEBUG Tt4b_Pixel_Class::inject_view_content_event: Missing option "access_token"
2024-06-09T18:49:22+00:00 DEBUG Tt4b_Pixel_Class::inject_add_to_cart_event: hit AddToCart
2024-06-09T18:49:22+00:00 DEBUG Tt4b_Pixel_Class::inject_add_to_cart_event: Missing option "access_token"
2024-06-09T18:49:22+00:00 DEBUG Tt4b_Pixel_Class::inject_view_content_event: hit ViewContent
2024-06-09T18:49:22+00:00 DEBUG Tt4b_Pixel_Class::inject_view_content_event: Missing option "access_token"
2024-06-09T18:50:18+00:00 DEBUG Tt4b_Pixel_Class::inject_initiate_checkout_event: hit InitiateCheckout
2024-06-09T18:50:18+00:00 DEBUG Tt4b_Pixel_Class::inject_initiate_checkout_event: Missing option "access_token"
2024-06-09T18:54:00+00:00 DEBUG tt4b_product_delete: missing access token for tt4b_product_sync
2024-06-09T18:54:00+00:00 DEBUG tt4b_product_delete: missing access token for tt4b_product_sync
2024-06-09T18:54:01+00:00 DEBUG tt4b_product_delete: missing access token for tt4b_product_sync
2024-06-09T18:54:01+00:00 DEBUG tt4b_product_delete: missing access token for tt4b_product_sync
2024-06-09T18:54:03+00:00 DEBUG tt4b_product_delete: missing access token for tt4b_product_sync
2024-06-09T18:54:03+00:00 DEBUG tt4b_product_delete: missing access token for tt4b_product_sync
2024-06-09T18:54:04+00:00 DEBUG tt4b_product_delete: missing access token for tt4b_product_sync
2024-06-09T18:54:04+00:00 DEBUG tt4b_product_delete: missing access token for tt4b_product_sync
2024-06-09T18:54:04+00:00 DEBUG tt4b_product_delete: missing access token for tt4b_product_sync
2024-06-09T18:54:04+00:00 DEBUG tt4b_product_delete: missing access token for tt4b_product_sync
2024-06-09T18:54:04+00:00 DEBUG tt4b_product_delete: missing access token for tt4b_product_sync
2024-06-09T18:54:04+00:00 DEBUG tt4b_product_delete: missing access token for tt4b_product_sync
2024-06-09T18:54:04+00:00 DEBUG tt4b_product_delete: missing access token for tt4b_product_sync
2024-06-09T18:54:04+00:00 DEBUG tt4b_product_delete: missing access token for tt4b_product_sync
2024-06-09T18:54:04+00:00 DEBUG tt4b_product_delete: missing access token for tt4b_product_sync
2024-06-09T18:54:04+00:00 DEBUG tt4b_product_delete: missing access token for tt4b_product_sync
2024-06-09T18:54:04+00:00 DEBUG tt4b_product_delete: missing access token for tt4b_product_sync
2024-06-09T18:54:04+00:00 DEBUG tt4b_product_delete: missing access token for tt4b_product_sync
2024-06-09T18:54:04+00:00 DEBUG tt4b_product_delete: missing access token for tt4b_product_sync
2024-06-09T18:54:04+00:00 DEBUG tt4b_product_delete: missing access token for tt4b_product_sync
2024-06-09T18:54:04+00:00 DEBUG tt4b_product_delete: missing access token for tt4b_product_sync
2024-06-09T18:54:04+00:00 DEBUG tt4b_product_delete: missing access token for tt4b_product_sync
2024-06-09T18:54:04+00:00 DEBUG tt4b_product_delete: missing access token for tt4b_product_sync
2024-06-09T18:54:04+00:00 DEBUG tt4b_product_delete: missing access token for tt4b_product_sync
2024-06-09T18:54:04+00:00 DEBUG tt4b_product_delete: missing access token for tt4b_product_sync
2024-06-09T18:54:04+00:00 DEBUG tt4b_product_delete: missing access token for tt4b_product_sync
2024-06-09T18:54:04+00:00 DEBUG tt4b_product_delete: missing access token for tt4b_product_sync
2024-06-09T18:54:04+00:00 DEBUG tt4b_product_delete: missing access token for tt4b_product_sync
2024-06-09T18:54:04+00:00 DEBUG tt4b_product_delete: missing access token for tt4b_product_sync
2024-06-09T18:54:04+00:00 DEBUG tt4b_product_delete: missing access token for tt4b_product_sync
2024-06-09T18:54:04+00:00 DEBUG tt4b_product_delete: missing access token for tt4b_product_sync
2024-06-09T18:54:04+00:00 DEBUG tt4b_product_delete: missing access token for tt4b_product_sync
2024-06-09T18:54:04+00:00 DEBUG tt4b_product_delete: missing access token for tt4b_product_sync
2024-06-09T18:54:04+00:00 DEBUG tt4b_product_delete: missing access token for tt4b_product_sync
2024-06-09T18:54:04+00:00 DEBUG tt4b_product_delete: missing access token for tt4b_product_sync
2024-06-09T18:54:04+00:00 DEBUG tt4b_product_delete: missing access token for tt4b_product_sync
2024-06-09T18:54:04+00:00 DEBUG tt4b_product_delete: missing access token for tt4b_product_sync
2024-06-09T18:54:04+00:00 DEBUG tt4b_product_delete: missing access token for tt4b_product_sync
2024-06-09T18:54:04+00:00 DEBUG tt4b_product_delete: missing access token for tt4b_product_sync
2024-06-09T18:54:04+00:00 DEBUG tt4b_product_delete: missing access token for tt4b_product_sync
2024-06-09T18:54:04+00:00 DEBUG tt4b_product_delete: missing access token for tt4b_product_sync
2024-06-09T18:54:04+00:00 DEBUG tt4b_product_delete: missing access token for tt4b_product_sync
2024-06-09T18:54:04+00:00 DEBUG tt4b_product_delete: missing access token for tt4b_product_sync
2024-06-09T18:54:04+00:00 DEBUG tt4b_product_delete: missing access token for tt4b_product_sync
2024-06-09T18:54:04+00:00 DEBUG tt4b_product_delete: missing access token for tt4b_product_sync
2024-06-09T18:54:06+00:00 DEBUG tt4b_product_delete: missing access token for tt4b_product_sync
2024-06-09T18:54:06+00:00 DEBUG tt4b_product_delete: missing access token for tt4b_product_sync
2024-06-09T18:54:07+00:00 DEBUG tt4b_product_delete: missing access token for tt4b_product_sync
2024-06-09T18:54:07+00:00 DEBUG tt4b_product_delete: missing access token for tt4b_product_sync
2024-06-09T18:54:07+00:00 DEBUG tt4b_product_delete: missing access token for tt4b_product_sync
2024-06-09T18:54:07+00:00 DEBUG tt4b_product_delete: missing access token for tt4b_product_sync
2024-06-09T18:54:07+00:00 DEBUG tt4b_product_delete: missing access token for tt4b_product_sync
2024-06-09T18:54:07+00:00 DEBUG tt4b_product_delete: missing access token for tt4b_product_sync
2024-06-09T18:54:07+00:00 DEBUG tt4b_product_delete: missing access token for tt4b_product_sync
2024-06-09T18:54:07+00:00 DEBUG tt4b_product_delete: missing access token for tt4b_product_sync
2024-06-09T18:54:07+00:00 DEBUG tt4b_product_delete: missing access token for tt4b_product_sync
2024-06-09T18:54:07+00:00 DEBUG tt4b_product_delete: missing access token for tt4b_product_sync
2024-06-09T18:54:07+00:00 DEBUG tt4b_product_delete: missing access token for tt4b_product_sync
2024-06-09T18:54:08+00:00 DEBUG tt4b_product_delete: missing access token for tt4b_product_sync
2024-06-09T18:54:08+00:00 DEBUG tt4b_product_delete: missing access token for tt4b_product_sync
2024-06-09T19:04:34+00:00 DEBUG Tt4b_Pixel_Class::inject_initiate_checkout_event: hit InitiateCheckout
2024-06-09T19:04:34+00:00 DEBUG Tt4b_Pixel_Class::inject_initiate_checkout_event: Missing option "access_token"
2024-06-09T19:05:38+00:00 DEBUG Tt4b_Pixel_Class::inject_view_content_event: hit ViewContent
2024-06-09T19:05:38+00:00 DEBUG Tt4b_Pixel_Class::inject_view_content_event: Missing option "access_token"
2024-06-09T19:05:59+00:00 DEBUG Tt4b_Pixel_Class::inject_add_to_cart_event: hit AddToCart
2024-06-09T19:05:59+00:00 DEBUG Tt4b_Pixel_Class::inject_add_to_cart_event: Missing option "access_token"
2024-06-09T19:08:53+00:00 DEBUG Tt4b_Pixel_Class::inject_view_content_event: hit ViewContent
2024-06-09T19:08:53+00:00 DEBUG Tt4b_Pixel_Class::inject_view_content_event: Missing option "access_token"
2024-06-09T19:34:29+00:00 DEBUG Tt4b_Pixel_Class::inject_view_content_event: hit ViewContent
2024-06-09T19:34:29+00:00 DEBUG Tt4b_Pixel_Class::inject_view_content_event: Missing option "access_token"
2024-06-09T19:34:38+00:00 DEBUG Tt4b_Pixel_Class::inject_add_to_cart_event: hit AddToCart
2024-06-09T19:34:38+00:00 DEBUG Tt4b_Pixel_Class::inject_add_to_cart_event: Missing option "access_token"
2024-06-09T19:34:38+00:00 DEBUG Tt4b_Pixel_Class::inject_view_content_event: hit ViewContent
2024-06-09T19:34:38+00:00 DEBUG Tt4b_Pixel_Class::inject_view_content_event: Missing option "access_token"
2024-06-09T19:47:11+00:00 DEBUG Tt4b_Pixel_Class::inject_view_content_event: hit ViewContent
2024-06-09T19:47:11+00:00 DEBUG Tt4b_Pixel_Class::inject_view_content_event: Missing option "access_token"
2024-06-09T19:47:41+00:00 DEBUG Tt4b_Pixel_Class::inject_add_to_cart_event: hit AddToCart
2024-06-09T19:47:41+00:00 DEBUG Tt4b_Pixel_Class::inject_add_to_cart_event: Missing option "access_token"
2024-06-09T19:47:42+00:00 DEBUG Tt4b_Pixel_Class::inject_view_content_event: hit ViewContent
2024-06-09T19:47:42+00:00 DEBUG Tt4b_Pixel_Class::inject_view_content_event: Missing option "access_token"
2024-06-09T19:52:37+00:00 DEBUG tt4b_product_delete: missing access token for tt4b_product_sync
2024-06-09T19:52:47+00:00 DEBUG Tt4b_Pixel_Class::inject_view_content_event: hit ViewContent
2024-06-09T19:52:47+00:00 DEBUG Tt4b_Pixel_Class::inject_view_content_event: Missing option "access_token"
2024-06-09T20:58:44+00:00 DEBUG Tt4b_Pixel_Class::inject_view_content_event: hit ViewContent
2024-06-09T20:58:44+00:00 DEBUG Tt4b_Pixel_Class::inject_view_content_event: Missing option "access_token"
2024-06-09T20:58:59+00:00 DEBUG Tt4b_Pixel_Class::inject_add_to_cart_event: hit AddToCart
2024-06-09T20:58:59+00:00 DEBUG Tt4b_Pixel_Class::inject_add_to_cart_event: Missing option "access_token"
2024-06-09T20:58:59+00:00 DEBUG Tt4b_Pixel_Class::inject_view_content_event: hit ViewContent
2024-06-09T20:58:59+00:00 DEBUG Tt4b_Pixel_Class::inject_view_content_event: Missing option "access_token"
2024-06-09T22:48:09+00:00 DEBUG Tt4b_Pixel_Class::inject_view_content_event: hit ViewContent
2024-06-09T22:48:09+00:00 DEBUG Tt4b_Pixel_Class::inject_view_content_event: Missing option "access_token"
2024-06-09T22:48:57+00:00 DEBUG Tt4b_Pixel_Class::inject_view_content_event: hit ViewContent
2024-06-09T22:48:57+00:00 DEBUG Tt4b_Pixel_Class::inject_view_content_event: Missing option "access_token"
2024-06-09T22:48:58+00:00 DEBUG Tt4b_Pixel_Class::inject_view_content_event: hit ViewContent
2024-06-09T22:48:58+00:00 DEBUG Tt4b_Pixel_Class::inject_view_content_event: Missing option "access_token"
2024-06-09T22:49:32+00:00 DEBUG Tt4b_Pixel_Class::inject_view_content_event: hit ViewContent
2024-06-09T22:49:32+00:00 DEBUG Tt4b_Pixel_Class::inject_view_content_event: Missing option "access_token"
2024-06-09T22:49:41+00:00 DEBUG Tt4b_Pixel_Class::inject_add_to_cart_event: hit AddToCart
2024-06-09T22:49:41+00:00 DEBUG Tt4b_Pixel_Class::inject_add_to_cart_event: Missing option "access_token"
2024-06-09T22:49:42+00:00 DEBUG Tt4b_Pixel_Class::inject_view_content_event: hit ViewContent
2024-06-09T22:49:42+00:00 DEBUG Tt4b_Pixel_Class::inject_view_content_event: Missing option "access_token"
2024-06-09T22:52:03+00:00 DEBUG Tt4b_Pixel_Class::inject_view_content_event: hit ViewContent
2024-06-09T22:52:03+00:00 DEBUG Tt4b_Pixel_Class::inject_view_content_event: Missing option "access_token"
2024-06-09T22:53:59+00:00 DEBUG Tt4b_Pixel_Class::inject_view_content_event: hit ViewContent
2024-06-09T22:53:59+00:00 DEBUG Tt4b_Pixel_Class::inject_view_content_event: Missing option "access_token"
2024-06-09T23:01:16+00:00 DEBUG Tt4b_Pixel_Class::inject_view_content_event: hit ViewContent
2024-06-09T23:01:16+00:00 DEBUG Tt4b_Pixel_Class::inject_view_content_event: Missing option "access_token"
2024-06-09T23:04:42+00:00 DEBUG Tt4b_Pixel_Class::inject_view_content_event: hit ViewContent
2024-06-09T23:04:42+00:00 DEBUG Tt4b_Pixel_Class::inject_view_content_event: Missing option "access_token"
2024-06-09T23:04:48+00:00 DEBUG Tt4b_Pixel_Class::inject_add_to_cart_event: hit AddToCart
2024-06-09T23:04:48+00:00 DEBUG Tt4b_Pixel_Class::inject_add_to_cart_event: Missing option "access_token"
2024-06-09T23:04:48+00:00 DEBUG Tt4b_Pixel_Class::inject_view_content_event: hit ViewContent
2024-06-09T23:04:48+00:00 DEBUG Tt4b_Pixel_Class::inject_view_content_event: Missing option "access_token"
2024-06-09T23:21:32+00:00 DEBUG Tt4b_Pixel_Class::inject_initiate_checkout_event: hit InitiateCheckout
2024-06-09T23:21:32+00:00 DEBUG Tt4b_Pixel_Class::inject_initiate_checkout_event: Missing option "access_token"
2024-06-09T23:23:20+00:00 DEBUG Tt4b_Pixel_Class::inject_initiate_checkout_event: hit InitiateCheckout
2024-06-09T23:23:20+00:00 DEBUG Tt4b_Pixel_Class::inject_initiate_checkout_event: Missing option "access_token"
2024-06-09T23:35:36+00:00 DEBUG Tt4b_Pixel_Class::inject_view_content_event: hit ViewContent
2024-06-09T23:35:36+00:00 DEBUG Tt4b_Pixel_Class::inject_view_content_event: Missing option "access_token"
2024-06-09T23:39:33+00:00 DEBUG Tt4b_Pixel_Class::inject_initiate_checkout_event: hit InitiateCheckout
2024-06-09T23:39:33+00:00 DEBUG Tt4b_Pixel_Class::inject_initiate_checkout_event: Missing option "access_token"
2024-06-09T23:41:38+00:00 DEBUG Tt4b_Pixel_Class::inject_initiate_checkout_event: hit InitiateCheckout
2024-06-09T23:41:38+00:00 DEBUG Tt4b_Pixel_Class::inject_initiate_checkout_event: Missing option "access_token"
2024-06-09T23:42:18+00:00 DEBUG Tt4b_Pixel_Class::inject_view_content_event: hit ViewContent
2024-06-09T23:42:18+00:00 DEBUG Tt4b_Pixel_Class::inject_view_content_event: Missing option "access_token"
2024-06-09T23:42:50+00:00 DEBUG Tt4b_Pixel_Class::inject_view_content_event: hit ViewContent
2024-06-09T23:42:50+00:00 DEBUG Tt4b_Pixel_Class::inject_view_content_event: Missing option "access_token"
2024-06-09T23:56:17+00:00 DEBUG Tt4b_Pixel_Class::inject_initiate_checkout_event: hit InitiateCheckout
2024-06-09T23:56:17+00:00 DEBUG Tt4b_Pixel_Class::inject_initiate_checkout_event: Missing option "access_token"
2024-06-09T23:57:04+00:00 DEBUG Tt4b_Pixel_Class::inject_initiate_checkout_event: hit InitiateCheckout
2024-06-09T23:57:04+00:00 DEBUG Tt4b_Pixel_Class::inject_initiate_checkout_event: Missing option "access_token"
2024-06-09T23:58:15+00:00 DEBUG Tt4b_Pixel_Class::inject_initiate_checkout_event: hit InitiateCheckout
2024-06-09T23:58:15+00:00 DEBUG Tt4b_Pixel_Class::inject_initiate_checkout_event: Missing option "access_token"
2024-06-09T23:59:41+00:00 DEBUG Tt4b_Pixel_Class::inject_initiate_checkout_event: hit InitiateCheckout
2024-06-09T23:59:41+00:00 DEBUG Tt4b_Pixel_Class::inject_initiate_checkout_event: Missing option "access_token"
